
May 12, 2017 20:50:39.03 NEW SESSION
May 12, 2017 20:50:39.03 [GPU 5924] WARNING: pipe error: 109: file c:/builds/moz2_slave/m-rel-w32-00000000000000000000/build/src/ipc/chromium/src/chrome/common/ipc_channel_win.cc, line 346
May 12, 2017 20:50:39.07 
May 12, 2017 20:50:39.07 ###!!! [Child][MessageChannel::SendAndWait] Error: Channel error: cannot send/recv
May 12, 2017 20:50:39.07 
May 12, 2017 20:55:34.71 [Child 6752] WARNING: pipe error: 109: file c:/builds/moz2_slave/m-rel-w32-00000000000000000000/build/src/ipc/chromium/src/chrome/common/ipc_channel_win.cc, line 346
May 12, 2017 20:55:35.32 
May 12, 2017 20:55:35.32 ###!!! [Child][MessageChannel::SendAndWait] Error: Channel error: cannot send/recv
May 12, 2017 20:55:35.32 

May 20, 2017 16:10:43.05 NEW SESSION
May 20, 2017 16:10:43.05 [GFX1]: Potential driver version mismatch ignored due to missing DLLs 0.0.0.0 and 0.0.0.0
May 20, 2017 16:10:46.23 [GFX1]: Potential driver version mismatch ignored due to missing DLLs 0.0.0.0 and 0.0.0.0
May 20, 2017 16:17:17.15 1495277237153	addons.update-checker	WARN	Update manifest for webcompat@mozilla.org did not contain an updates property
May 20, 2017 16:17:17.18 1495277237183	addons.update-checker	WARN	Update manifest for firefox@getpocket.com did not contain an updates property
May 20, 2017 16:17:17.21 1495277237211	addons.update-checker	WARN	Update manifest for e10srollout@mozilla.org did not contain an updates property
May 20, 2017 16:17:17.23 1495277237234	addons.update-checker	WARN	Update manifest for {972ce4c6-7e08-4474-a285-3208198ce6fd} did not contain an updates property
May 20, 2017 16:17:18.85 1495277238853	addons.update-checker	WARN	Update manifest for aushelper@mozilla.org did not contain an updates property
May 20, 2017 16:19:17.33 1495277357335	addons.xpi	WARN	Add-on web2pdfextension@web2pdf.adobedotcom is not correctly signed.
May 20, 2017 16:21:13.81 1495277473825	addons.xpi	WARN	Add-on web2pdfextension@web2pdf.adobedotcom is not correctly signed.
May 20, 2017 16:40:37.87 [Child 5632] WARNING: pipe error: 109: file c:/builds/moz2_slave/m-rel-w32-00000000000000000000/build/src/ipc/chromium/src/chrome/common/ipc_channel_win.cc, line 346
May 20, 2017 16:40:38.37 [GPU 5536] WARNING: pipe error: 109: file c:/builds/moz2_slave/m-rel-w32-00000000000000000000/build/src/ipc/chromium/src/chrome/common/ipc_channel_win.cc, line 346
May 20, 2017 16:40:38.40 
May 20, 2017 16:40:38.42 ###!!! [Child][MessageChannel::SendAndWait] Error: Channel error: cannot send/recv
May 20, 2017 16:40:38.42 

May 22, 2017 10:23:48.44 NEW SESSION
May 22, 2017 10:23:48.44 [GFX1]: Potential driver version mismatch ignored due to missing DLLs 0.0.0.0 and 0.0.0.0
May 22, 2017 10:23:50.14 [GFX1]: Potential driver version mismatch ignored due to missing DLLs 0.0.0.0 and 0.0.0.0
May 22, 2017 10:29:44.18 [Child 3344] WARNING: pipe error: 109: file c:/builds/moz2_slave/m-rel-w32-00000000000000000000/build/src/ipc/chromium/src/chrome/common/ipc_channel_win.cc, line 346
May 22, 2017 10:29:44.52 [GPU 6632] WARNING: pipe error: 109: file c:/builds/moz2_slave/m-rel-w32-00000000000000000000/build/src/ipc/chromium/src/chrome/common/ipc_channel_win.cc, line 346
May 22, 2017 10:29:44.54 
May 22, 2017 10:29:44.54 ###!!! [Child][MessageChannel::SendAndWait] Error: Channel error: cannot send/recv
May 22, 2017 10:29:44.54 

May 25, 2017 19:33:16.16 NEW SESSION
May 25, 2017 19:33:16.16 [GFX1]: Potential driver version mismatch ignored due to missing DLLs 0.0.0.0 and 0.0.0.0
May 25, 2017 19:33:19.88 [GFX1]: Potential driver version mismatch ignored due to missing DLLs 0.0.0.0 and 0.0.0.0
May 25, 2017 19:40:30.59 [GPU 9412] WARNING: pipe error: 109: file c:/builds/moz2_slave/m-rel-w32-00000000000000000000/build/src/ipc/chromium/src/chrome/common/ipc_channel_win.cc, line 346
May 25, 2017 21:06:46.87 [GPU 9412] WARNING: pipe error: 109: file c:/builds/moz2_slave/m-rel-w32-00000000000000000000/build/src/ipc/chromium/src/chrome/common/ipc_channel_win.cc, line 346
May 25, 2017 21:06:47.12 [Child 13192] WARNING: pipe error: 109: file c:/builds/moz2_slave/m-rel-w32-00000000000000000000/build/src/ipc/chromium/src/chrome/common/ipc_channel_win.cc, line 346
May 25, 2017 21:06:47.61 [GPU 9412] WARNING: pipe error: 109: file c:/builds/moz2_slave/m-rel-w32-00000000000000000000/build/src/ipc/chromium/src/chrome/common/ipc_channel_win.cc, line 346
May 25, 2017 21:06:47.66 
May 25, 2017 21:06:47.66 ###!!! [Child][MessageChannel::SendAndWait] Error: Channel error: cannot send/recv
May 25, 2017 21:06:47.66 

May 26, 2017 13:16:17.61 NEW SESSION
May 26, 2017 13:16:17.61 [GFX1]: Potential driver version mismatch ignored due to missing DLLs 0.0.0.0 and 0.0.0.0
May 26, 2017 13:16:19.43 [GFX1]: Potential driver version mismatch ignored due to missing DLLs 0.0.0.0 and 0.0.0.0
May 26, 2017 13:46:56.09 [GPU 10960] WARNING: pipe error: 109: file c:/builds/moz2_slave/m-rel-w32-00000000000000000000/build/src/ipc/chromium/src/chrome/common/ipc_channel_win.cc, line 346
May 26, 2017 13:46:56.09 [GPU 10960] WARNING: pipe error: 109: file c:/builds/moz2_slave/m-rel-w32-00000000000000000000/build/src/ipc/chromium/src/chrome/common/ipc_channel_win.cc, line 346
May 26, 2017 13:46:59.39 [GPU 10960] WARNING: pipe error: 109: file c:/builds/moz2_slave/m-rel-w32-00000000000000000000/build/src/ipc/chromium/src/chrome/common/ipc_channel_win.cc, line 346
May 26, 2017 13:47:04.54 [GPU 10960] WARNING: pipe error: 109: file c:/builds/moz2_slave/m-rel-w32-00000000000000000000/build/src/ipc/chromium/src/chrome/common/ipc_channel_win.cc, line 346
May 26, 2017 13:47:19.52 [GPU 10960] WARNING: pipe error: 109: file c:/builds/moz2_slave/m-rel-w32-00000000000000000000/build/src/ipc/chromium/src/chrome/common/ipc_channel_win.cc, line 346
May 26, 2017 13:47:19.55 [GPU 10960] WARNING: pipe error: 109: file c:/builds/moz2_slave/m-rel-w32-00000000000000000000/build/src/ipc/chromium/src/chrome/common/ipc_channel_win.cc, line 346
May 26, 2017 14:04:19.20 IPDL protocol error: Handler returned error code!
May 26, 2017 14:04:19.20 
May 26, 2017 14:04:19.20 ###!!! [Parent][DispatchAsyncMessage] Error: PAPZCTreeManager::Msg_SetTargetAPZC Processing error: message was deserialized, but the handler returned false (indicating failure)
May 26, 2017 14:04:19.20 
May 26, 2017 14:04:30.50 IPDL protocol error: Handler returned error code!
May 26, 2017 14:04:30.50 
May 26, 2017 14:04:30.50 ###!!! [Parent][DispatchAsyncMessage] Error: PAPZCTreeManager::Msg_SetTargetAPZC Processing error: message was deserialized, but the handler returned false (indicating failure)
May 26, 2017 14:04:30.50 
May 26, 2017 14:04:32.04 [GPU 10960] WARNING: pipe error: 109: file c:/builds/moz2_slave/m-rel-w32-00000000000000000000/build/src/ipc/chromium/src/chrome/common/ipc_channel_win.cc, line 346
May 26, 2017 14:08:44.74 1495787924741	addons.update-checker	WARN	Update manifest for e10srollout@mozilla.org did not contain an updates property
May 26, 2017 14:08:44.75 1495787924756	addons.update-checker	WARN	Update manifest for aushelper@mozilla.org did not contain an updates property
May 26, 2017 14:08:44.77 1495787924770	addons.update-checker	WARN	Update manifest for webcompat@mozilla.org did not contain an updates property
May 26, 2017 14:08:44.78 1495787924784	addons.update-checker	WARN	Update manifest for {972ce4c6-7e08-4474-a285-3208198ce6fd} did not contain an updates property
May 26, 2017 14:08:45.83 1495787925837	addons.update-checker	WARN	Update manifest for firefox@getpocket.com did not contain an updates property
May 26, 2017 14:10:38.43 1495788038432	addons.xpi	WARN	Add-on web2pdfextension@web2pdf.adobedotcom is not correctly signed.
May 26, 2017 14:12:33.90 1495788153902	addons.xpi	WARN	Add-on web2pdfextension@web2pdf.adobedotcom is not correctly signed.

May 27, 2017 16:10:38.79 NEW SESSION
May 27, 2017 16:10:38.79 [GFX1]: Potential driver version mismatch ignored due to missing DLLs 0.0.0.0 and 0.0.0.0
May 27, 2017 16:10:41.57 [GFX1]: Potential driver version mismatch ignored due to missing DLLs 0.0.0.0 and 0.0.0.0
May 27, 2017 16:12:20.45 [Child 8524] WARNING: pipe error: 109: file c:/builds/moz2_slave/m-rel-w32-00000000000000000000/build/src/ipc/chromium/src/chrome/common/ipc_channel_win.cc, line 346
May 27, 2017 16:12:20.82 [GPU 7556] WARNING: pipe error: 109: file c:/builds/moz2_slave/m-rel-w32-00000000000000000000/build/src/ipc/chromium/src/chrome/common/ipc_channel_win.cc, line 346
May 27, 2017 16:12:20.85 
May 27, 2017 16:12:20.85 ###!!! [Child][MessageChannel::SendAndWait] Error: Channel error: cannot send/recv
May 27, 2017 16:12:20.85 

May 28, 2017 13:31:35.70 NEW SESSION
May 28, 2017 13:31:35.70 [GFX1]: Potential driver version mismatch ignored due to missing DLLs 0.0.0.0 and 0.0.0.0
May 28, 2017 13:31:39.42 [GFX1]: Potential driver version mismatch ignored due to missing DLLs 0.0.0.0 and 0.0.0.0
May 28, 2017 13:31:54.41 [GPU 11084] WARNING: pipe error: 109: file c:/builds/moz2_slave/m-rel-w32-00000000000000000000/build/src/ipc/chromium/src/chrome/common/ipc_channel_win.cc, line 346
May 28, 2017 13:37:55.70 IPDL protocol error: Handler returned error code!
May 28, 2017 13:37:55.70 
May 28, 2017 13:37:55.70 ###!!! [Parent][DispatchAsyncMessage] Error: PAPZCTreeManager::Msg_SetTargetAPZC Processing error: message was deserialized, but the handler returned false (indicating failure)
May 28, 2017 13:37:55.70 
May 28, 2017 13:37:58.63 [GPU 11084] WARNING: pipe error: 109: file c:/builds/moz2_slave/m-rel-w32-00000000000000000000/build/src/ipc/chromium/src/chrome/common/ipc_channel_win.cc, line 346
May 28, 2017 13:38:01.56 IPDL protocol error: Handler returned error code!
May 28, 2017 13:38:01.56 
May 28, 2017 13:38:01.56 ###!!! [Parent][DispatchAsyncMessage] Error: PAPZCTreeManager::Msg_SetTargetAPZC Processing error: message was deserialized, but the handler returned false (indicating failure)
May 28, 2017 13:38:01.58 
May 28, 2017 13:38:02.47 [GPU 11084] WARNING: pipe error: 109: file c:/builds/moz2_slave/m-rel-w32-00000000000000000000/build/src/ipc/chromium/src/chrome/common/ipc_channel_win.cc, line 346
May 28, 2017 13:38:04.62 IPDL protocol error: Handler returned error code!
May 28, 2017 13:38:04.62 
May 28, 2017 13:38:04.62 ###!!! [Parent][DispatchAsyncMessage] Error: PAPZCTreeManager::Msg_SetTargetAPZC Processing error: message was deserialized, but the handler returned false (indicating failure)
May 28, 2017 13:38:04.62 
May 28, 2017 13:38:05.91 [GPU 11084] WARNING: pipe error: 109: file c:/builds/moz2_slave/m-rel-w32-00000000000000000000/build/src/ipc/chromium/src/chrome/common/ipc_channel_win.cc, line 346
May 28, 2017 13:38:56.64 IPDL protocol error: Handler returned error code!
May 28, 2017 13:38:56.64 
May 28, 2017 13:38:56.64 ###!!! [Parent][DispatchAsyncMessage] Error: PAPZCTreeManager::Msg_SetTargetAPZC Processing error: message was deserialized, but the handler returned false (indicating failure)
May 28, 2017 13:38:56.64 
May 28, 2017 13:38:57.66 [GPU 11084] WARNING: pipe error: 109: file c:/builds/moz2_slave/m-rel-w32-00000000000000000000/build/src/ipc/chromium/src/chrome/common/ipc_channel_win.cc, line 346
May 28, 2017 13:39:39.10 IPDL protocol error: Handler returned error code!
May 28, 2017 13:39:39.10 
May 28, 2017 13:39:39.10 ###!!! [Parent][DispatchAsyncMessage] Error: PAPZCTreeManager::Msg_SetTargetAPZC Processing error: message was deserialized, but the handler returned false (indicating failure)
May 28, 2017 13:39:39.10 
May 28, 2017 13:39:40.41 [GPU 11084] WARNING: pipe error: 109: file c:/builds/moz2_slave/m-rel-w32-00000000000000000000/build/src/ipc/chromium/src/chrome/common/ipc_channel_win.cc, line 346
May 28, 2017 13:40:19.48 IPDL protocol error: Handler returned error code!
May 28, 2017 13:40:19.48 
May 28, 2017 13:40:19.48 ###!!! [Parent][DispatchAsyncMessage] Error: PAPZCTreeManager::Msg_SetTargetAPZC Processing error: message was deserialized, but the handler returned false (indicating failure)
May 28, 2017 13:40:19.48 
May 28, 2017 13:40:20.43 [GPU 11084] WARNING: pipe error: 109: file c:/builds/moz2_slave/m-rel-w32-00000000000000000000/build/src/ipc/chromium/src/chrome/common/ipc_channel_win.cc, line 346
May 28, 2017 13:40:47.29 IPDL protocol error: Handler returned error code!
May 28, 2017 13:40:47.29 
May 28, 2017 13:40:47.29 ###!!! [Parent][DispatchAsyncMessage] Error: PAPZCTreeManager::Msg_SetTargetAPZC Processing error: message was deserialized, but the handler returned false (indicating failure)
May 28, 2017 13:40:47.29 
May 28, 2017 13:40:48.43 [GPU 11084] WARNING: pipe error: 109: file c:/builds/moz2_slave/m-rel-w32-00000000000000000000/build/src/ipc/chromium/src/chrome/common/ipc_channel_win.cc, line 346
May 28, 2017 13:41:20.26 IPDL protocol error: Handler returned error code!
May 28, 2017 13:41:20.26 
May 28, 2017 13:41:20.26 ###!!! [Parent][DispatchAsyncMessage] Error: PAPZCTreeManager::Msg_SetTargetAPZC Processing error: message was deserialized, but the handler returned false (indicating failure)
May 28, 2017 13:41:20.26 
May 28, 2017 13:41:21.51 [GPU 11084] WARNING: pipe error: 109: file c:/builds/moz2_slave/m-rel-w32-00000000000000000000/build/src/ipc/chromium/src/chrome/common/ipc_channel_win.cc, line 346
May 28, 2017 13:41:43.91 IPDL protocol error: Handler returned error code!
May 28, 2017 13:41:43.91 
May 28, 2017 13:41:43.91 ###!!! [Parent][DispatchAsyncMessage] Error: PAPZCTreeManager::Msg_SetTargetAPZC Processing error: message was deserialized, but the handler returned false (indicating failure)
May 28, 2017 13:41:43.91 
May 28, 2017 13:41:45.15 [GPU 11084] WARNING: pipe error: 109: file c:/builds/moz2_slave/m-rel-w32-00000000000000000000/build/src/ipc/chromium/src/chrome/common/ipc_channel_win.cc, line 346
May 28, 2017 13:42:06.23 IPDL protocol error: Handler returned error code!
May 28, 2017 13:42:06.23 
May 28, 2017 13:42:06.23 ###!!! [Parent][DispatchAsyncMessage] Error: PAPZCTreeManager::Msg_SetTargetAPZC Processing error: message was deserialized, but the handler returned false (indicating failure)
May 28, 2017 13:42:06.23 
May 28, 2017 13:42:07.41 [GPU 11084] WARNING: pipe error: 109: file c:/builds/moz2_slave/m-rel-w32-00000000000000000000/build/src/ipc/chromium/src/chrome/common/ipc_channel_win.cc, line 346
May 28, 2017 13:42:37.34 IPDL protocol error: Handler returned error code!
May 28, 2017 13:42:37.34 
May 28, 2017 13:42:37.34 ###!!! [Parent][DispatchAsyncMessage] Error: PAPZCTreeManager::Msg_SetTargetAPZC Processing error: message was deserialized, but the handler returned false (indicating failure)
May 28, 2017 13:42:37.34 
May 28, 2017 13:42:39.31 [GPU 11084] WARNING: pipe error: 109: file c:/builds/moz2_slave/m-rel-w32-00000000000000000000/build/src/ipc/chromium/src/chrome/common/ipc_channel_win.cc, line 346
May 28, 2017 13:42:56.35 IPDL protocol error: Handler returned error code!
May 28, 2017 13:42:56.35 
May 28, 2017 13:42:56.35 ###!!! [Parent][DispatchAsyncMessage] Error: PAPZCTreeManager::Msg_SetTargetAPZC Processing error: message was deserialized, but the handler returned false (indicating failure)
May 28, 2017 13:42:56.35 
May 28, 2017 13:42:56.42 [GPU 11084] WARNING: pipe error: 109: file c:/builds/moz2_slave/m-rel-w32-00000000000000000000/build/src/ipc/chromium/src/chrome/common/ipc_channel_win.cc, line 346
May 28, 2017 13:42:58.07 IPDL protocol error: Handler returned error code!
May 28, 2017 13:42:58.07 
May 28, 2017 13:42:58.07 ###!!! [Parent][DispatchAsyncMessage] Error: PAPZCTreeManager::Msg_SetTargetAPZC Processing error: message was deserialized, but the handler returned false (indicating failure)
May 28, 2017 13:42:58.07 
May 28, 2017 13:42:59.20 [GPU 11084] WARNING: pipe error: 109: file c:/builds/moz2_slave/m-rel-w32-00000000000000000000/build/src/ipc/chromium/src/chrome/common/ipc_channel_win.cc, line 346
May 28, 2017 13:43:22.09 IPDL protocol error: Handler returned error code!
May 28, 2017 13:43:22.09 
May 28, 2017 13:43:22.09 ###!!! [Parent][DispatchAsyncMessage] Error: PAPZCTreeManager::Msg_SetTargetAPZC Processing error: message was deserialized, but the handler returned false (indicating failure)
May 28, 2017 13:43:22.09 
May 28, 2017 13:43:23.46 [GPU 11084] WARNING: pipe error: 109: file c:/builds/moz2_slave/m-rel-w32-00000000000000000000/build/src/ipc/chromium/src/chrome/common/ipc_channel_win.cc, line 346
May 28, 2017 13:43:47.23 IPDL protocol error: Handler returned error code!
May 28, 2017 13:43:47.23 
May 28, 2017 13:43:47.23 ###!!! [Parent][DispatchAsyncMessage] Error: PAPZCTreeManager::Msg_SetTargetAPZC Processing error: message was deserialized, but the handler returned false (indicating failure)
May 28, 2017 13:43:47.23 
May 28, 2017 13:43:48.73 [GPU 11084] WARNING: pipe error: 109: file c:/builds/moz2_slave/m-rel-w32-00000000000000000000/build/src/ipc/chromium/src/chrome/common/ipc_channel_win.cc, line 346
May 28, 2017 13:44:54.16 IPDL protocol error: Handler returned error code!
May 28, 2017 13:44:54.16 
May 28, 2017 13:44:54.16 ###!!! [Parent][DispatchAsyncMessage] Error: PAPZCTreeManager::Msg_SetTargetAPZC Processing error: message was deserialized, but the handler returned false (indicating failure)
May 28, 2017 13:44:54.16 
May 28, 2017 13:44:55.82 [GPU 11084] WARNING: pipe error: 109: file c:/builds/moz2_slave/m-rel-w32-00000000000000000000/build/src/ipc/chromium/src/chrome/common/ipc_channel_win.cc, line 346
May 28, 2017 13:45:49.05 [GPU 11084] WARNING: pipe error: 109: file c:/builds/moz2_slave/m-rel-w32-00000000000000000000/build/src/ipc/chromium/src/chrome/common/ipc_channel_win.cc, line 346
May 28, 2017 13:45:49.19 [Child 3452] WARNING: pipe error: 109: file c:/builds/moz2_slave/m-rel-w32-00000000000000000000/build/src/ipc/chromium/src/chrome/common/ipc_channel_win.cc, line 346
May 28, 2017 13:45:49.19 [Child 3452] WARNING: pipe error: 109: file c:/builds/moz2_slave/m-rel-w32-00000000000000000000/build/src/ipc/chromium/src/chrome/common/ipc_channel_win.cc, line 346
May 28, 2017 13:45:49.67 
May 28, 2017 13:45:49.67 ###!!! [Child][MessageChannel::SendAndWait] Error: Channel error: cannot send/recv
May 28, 2017 13:45:49.67 

May 29, 2017 11:38:19.16 NEW SESSION
May 29, 2017 11:38:19.16 [GFX1]: Potential driver version mismatch ignored due to missing DLLs 0.0.0.0 and 0.0.0.0
May 29, 2017 11:38:21.74 [GFX1]: Potential driver version mismatch ignored due to missing DLLs 0.0.0.0 and 0.0.0.0
May 29, 2017 11:39:30.74 IPDL protocol error: Handler returned error code!
May 29, 2017 11:39:30.74 
May 29, 2017 11:39:30.74 ###!!! [Parent][DispatchAsyncMessage] Error: PAPZCTreeManager::Msg_SetTargetAPZC Processing error: message was deserialized, but the handler returned false (indicating failure)
May 29, 2017 11:39:30.74 
May 29, 2017 11:40:20.61 IPDL protocol error: Handler returned error code!
May 29, 2017 11:40:20.61 
May 29, 2017 11:40:20.61 ###!!! [Parent][DispatchAsyncMessage] Error: PAPZCTreeManager::Msg_SetTargetAPZC Processing error: message was deserialized, but the handler returned false (indicating failure)
May 29, 2017 11:40:20.61 
May 29, 2017 11:40:21.94 [GPU 11544] WARNING: pipe error: 109: file c:/builds/moz2_slave/m-rel-w32-00000000000000000000/build/src/ipc/chromium/src/chrome/common/ipc_channel_win.cc, line 346
May 29, 2017 11:40:52.82 1496038252827	addons.update-checker	WARN	Update manifest for firefox@getpocket.com did not contain an updates property
May 29, 2017 11:40:52.85 1496038252856	addons.update-checker	WARN	Update manifest for aushelper@mozilla.org did not contain an updates property
May 29, 2017 11:40:52.87 1496038252874	addons.update-checker	WARN	Update manifest for e10srollout@mozilla.org did not contain an updates property
May 29, 2017 11:40:52.88 1496038252888	addons.update-checker	WARN	Update manifest for webcompat@mozilla.org did not contain an updates property
May 29, 2017 11:40:52.90 1496038252902	addons.update-checker	WARN	Update manifest for {972ce4c6-7e08-4474-a285-3208198ce6fd} did not contain an updates property
May 29, 2017 11:42:54.19 1496038374200	addons.xpi	WARN	Add-on web2pdfextension@web2pdf.adobedotcom is not correctly signed.
May 29, 2017 11:44:50.81 1496038490814	addons.xpi	WARN	Add-on web2pdfextension@web2pdf.adobedotcom is not correctly signed.
May 29, 2017 13:18:51.76 [Parent 2108] WARNING: pipe error: 109: file c:/builds/moz2_slave/m-rel-w32-00000000000000000000/build/src/ipc/chromium/src/chrome/common/ipc_channel_win.cc, line 346
May 29, 2017 13:27:22.78 [GPU 11544] WARNING: pipe error: 109: file c:/builds/moz2_slave/m-rel-w32-00000000000000000000/build/src/ipc/chromium/src/chrome/common/ipc_channel_win.cc, line 346
May 29, 2017 13:29:52.92 [GPU 11544] WARNING: pipe error: 109: file c:/builds/moz2_slave/m-rel-w32-00000000000000000000/build/src/ipc/chromium/src/chrome/common/ipc_channel_win.cc, line 346
May 29, 2017 17:09:43.71 [GPU 11544] WARNING: pipe error: 109: file c:/builds/moz2_slave/m-rel-w32-00000000000000000000/build/src/ipc/chromium/src/chrome/common/ipc_channel_win.cc, line 346
May 29, 2017 17:09:43.71 [GPU 11544] WARNING: pipe error: 109: file c:/builds/moz2_slave/m-rel-w32-00000000000000000000/build/src/ipc/chromium/src/chrome/common/ipc_channel_win.cc, line 346
May 29, 2017 17:09:44.13 
May 29, 2017 17:09:44.13 ###!!! [Child][MessageChannel] Error: (msgtype=0x4400FA,name=PContent::Msg_AsyncMessage) Channel closing: too late to send/recv, messages will be lost
May 29, 2017 17:09:44.14 
May 29, 2017 17:09:44.14 
May 29, 2017 17:09:44.14 ###!!! [Child][MessageChannel] Error: (msgtype=0x4400FA,name=PContent::Msg_AsyncMessage) Channel closing: too late to send/recv, messages will be lost
May 29, 2017 17:09:44.14 
May 29, 2017 17:09:44.14 
May 29, 2017 17:09:44.14 ###!!! [Child][MessageChannel] Error: (msgtype=0x4400FA,name=PContent::Msg_AsyncMessage) Channel closing: too late to send/recv, messages will be lost
May 29, 2017 17:09:44.14 
May 29, 2017 17:09:44.14 
May 29, 2017 17:09:44.14 ###!!! [Child][MessageChannel] Error: (msgtype=0x4400FA,name=PContent::Msg_AsyncMessage) Channel closing: too late to send/recv, messages will be lost
May 29, 2017 17:09:44.14 
May 29, 2017 17:09:44.14 
May 29, 2017 17:09:44.14 ###!!! [Child][MessageChannel] Error: (msgtype=0x2C0048,name=PBrowser::Msg___delete__) Channel closing: too late to send/recv, messages will be lost
May 29, 2017 17:09:44.14 
May 29, 2017 17:09:44.14 
May 29, 2017 17:09:44.14 ###!!! [Child][RunMessage] Error: Channel closing: too late to send/recv, messages will be lost
May 29, 2017 17:09:44.14 
May 29, 2017 17:09:44.14 
May 29, 2017 17:09:44.14 ###!!! [Child][RunMessage] Error: Channel closing: too late to send/recv, messages will be lost
May 29, 2017 17:09:44.14 
May 29, 2017 17:09:44.14 
May 29, 2017 17:09:44.15 ###!!! [Child][RunMessage] Error: Channel closing: too late to send/recv, messages will be lost
May 29, 2017 17:09:44.15 
May 29, 2017 17:09:44.15 
May 29, 2017 17:09:44.15 ###!!! [Child][RunMessage] Error: Channel closing: too late to send/recv, messages will be lost
May 29, 2017 17:09:44.15 
May 29, 2017 17:09:44.15 
May 29, 2017 17:09:44.15 ###!!! [Child][MessageChannel] Error: (msgtype=0x800006,name=PHttpChannel::Msg_Cancel) Channel closing: too late to send/recv, messages will be lost
May 29, 2017 17:09:44.15 
May 29, 2017 17:09:44.15 
May 29, 2017 17:09:44.15 ###!!! [Child][MessageChannel] Error: (msgtype=0x800006,name=PHttpChannel::Msg_Cancel) Channel closing: too late to send/recv, messages will be lost
May 29, 2017 17:09:44.15 
May 29, 2017 17:09:44.15 
May 29, 2017 17:09:44.15 ###!!! [Child][MessageChannel] Error: (msgtype=0x4400FA,name=PContent::Msg_AsyncMessage) Channel closing: too late to send/recv, messages will be lost
May 29, 2017 17:09:44.15 
May 29, 2017 17:09:44.15 
May 29, 2017 17:09:44.15 ###!!! [Child][MessageChannel] Error: (msgtype=0x4400FA,name=PContent::Msg_AsyncMessage) Channel closing: too late to send/recv, messages will be lost
May 29, 2017 17:09:44.15 
May 29, 2017 17:09:44.15 
May 29, 2017 17:09:44.15 ###!!! [Child][MessageChannel] Error: (msgtype=0x4400FA,name=PContent::Msg_AsyncMessage) Channel closing: too late to send/recv, messages will be lost
May 29, 2017 17:09:44.16 
May 29, 2017 17:09:44.16 
May 29, 2017 17:09:44.16 ###!!! [Child][MessageChannel] Error: (msgtype=0x2C0048,name=PBrowser::Msg___delete__) Channel closing: too late to send/recv, messages will be lost
May 29, 2017 17:09:44.16 
May 29, 2017 17:09:44.16 
May 29, 2017 17:09:44.16 ###!!! [Child][MessageChannel] Error: (msgtype=0x4400FA,name=PContent::Msg_AsyncMessage) Channel closing: too late to send/recv, messages will be lost
May 29, 2017 17:09:44.16 
May 29, 2017 17:09:44.17 
May 29, 2017 17:09:44.17 ###!!! [Child][MessageChannel] Error: (msgtype=0x4400FA,name=PContent::Msg_AsyncMessage) Channel closing: too late to send/recv, messages will be lost
May 29, 2017 17:09:44.17 
May 29, 2017 17:09:44.17 
May 29, 2017 17:09:44.17 ###!!! [Child][MessageChannel] Error: (msgtype=0x4400FA,name=PContent::Msg_AsyncMessage) Channel closing: too late to send/recv, messages will be lost
May 29, 2017 17:09:44.17 
May 29, 2017 17:09:44.17 
May 29, 2017 17:09:44.17 ###!!! [Child][MessageChannel] Error: (msgtype=0x2C0048,name=PBrowser::Msg___delete__) Channel closing: too late to send/recv, messages will be lost
May 29, 2017 17:09:44.17 
May 29, 2017 17:09:44.17 
May 29, 2017 17:09:44.17 ###!!! [Child][MessageChannel] Error: (msgtype=0x4400FA,name=PContent::Msg_AsyncMessage) Channel closing: too late to send/recv, messages will be lost
May 29, 2017 17:09:44.17 
May 29, 2017 17:09:44.17 
May 29, 2017 17:09:44.17 ###!!! [Child][MessageChannel] Error: (msgtype=0x4400FA,name=PContent::Msg_AsyncMessage) Channel closing: too late to send/recv, messages will be lost
May 29, 2017 17:09:44.17 
May 29, 2017 17:09:44.17 
May 29, 2017 17:09:44.17 ###!!! [Child][MessageChannel] Error: (msgtype=0x4400FA,name=PContent::Msg_AsyncMessage) Channel closing: too late to send/recv, messages will be lost
May 29, 2017 17:09:44.18 
May 29, 2017 17:09:44.18 
May 29, 2017 17:09:44.18 ###!!! [Child][MessageChannel] Error: (msgtype=0x4400FA,name=PContent::Msg_AsyncMessage) Channel closing: too late to send/recv, messages will be lost
May 29, 2017 17:09:44.18 
May 29, 2017 17:09:44.18 
May 29, 2017 17:09:44.18 ###!!! [Child][MessageChannel] Error: (msgtype=0x2C0048,name=PBrowser::Msg___delete__) Channel closing: too late to send/recv, messages will be lost
May 29, 2017 17:09:44.18 
May 29, 2017 17:09:44.20 
May 29, 2017 17:09:44.20 ###!!! [Child][RunMessage] Error: Channel closing: too late to send/recv, messages will be lost
May 29, 2017 17:09:44.20 
May 29, 2017 17:09:44.20 
May 29, 2017 17:09:44.20 ###!!! [Child][RunMessage] Error: Channel closing: too late to send/recv, messages will be lost
May 29, 2017 17:09:44.20 
May 29, 2017 17:09:44.20 
May 29, 2017 17:09:44.20 ###!!! [Child][MessageChannel] Error: (msgtype=0x4400A8,name=PContent::Msg_ConsoleMessage) Channel closing: too late to send/recv, messages will be lost
May 29, 2017 17:09:44.20 
May 29, 2017 17:09:44.55 
May 29, 2017 17:09:44.55 ###!!! [Child][MessageChannel::SendAndWait] Error: Channel error: cannot send/recv
May 29, 2017 17:09:44.55 

May 30, 2017 10:32:28.83 NEW SESSION
May 30, 2017 10:32:28.83 [GFX1]: Potential driver version mismatch ignored due to missing DLLs 0.0.0.0 and 0.0.0.0
May 30, 2017 10:32:31.21 [GFX1]: Potential driver version mismatch ignored due to missing DLLs 0.0.0.0 and 0.0.0.0

May 30, 2017 19:40:42.57 NEW SESSION
May 30, 2017 19:40:42.57 [GFX1]: Potential driver version mismatch ignored due to missing DLLs 0.0.0.0 and 0.0.0.0
May 30, 2017 19:40:44.31 [GFX1]: Potential driver version mismatch ignored due to missing DLLs 0.0.0.0 and 0.0.0.0
May 30, 2017 20:49:55.11 [GPU 8324] WARNING: pipe error: 109: file c:/builds/moz2_slave/m-rel-w32-00000000000000000000/build/src/ipc/chromium/src/chrome/common/ipc_channel_win.cc, line 346
May 30, 2017 20:49:57.44 IPDL protocol error: Handler returned error code!
May 30, 2017 20:49:57.44 
May 30, 2017 20:49:57.44 ###!!! [Parent][DispatchAsyncMessage] Error: PAPZCTreeManager::Msg_SetTargetAPZC Processing error: message was deserialized, but the handler returned false (indicating failure)
May 30, 2017 20:49:57.44 
May 30, 2017 20:58:19.02 [GPU 8324] WARNING: pipe error: 109: file c:/builds/moz2_slave/m-rel-w32-00000000000000000000/build/src/ipc/chromium/src/chrome/common/ipc_channel_win.cc, line 346
May 30, 2017 20:58:19.02 [GPU 8324] WARNING: pipe error: 109: file c:/builds/moz2_slave/m-rel-w32-00000000000000000000/build/src/ipc/chromium/src/chrome/common/ipc_channel_win.cc, line 346
May 30, 2017 20:58:20.09 
May 30, 2017 20:58:20.09 ###!!! [Child][MessageChannel::SendAndWait] Error: Channel error: cannot send/recv
May 30, 2017 20:58:20.09 

May 31, 2017 11:03:08.66 NEW SESSION
May 31, 2017 11:03:08.66 [GFX1]: Potential driver version mismatch ignored due to missing DLLs 0.0.0.0 and 0.0.0.0
May 31, 2017 11:03:13.59 [GFX1]: Potential driver version mismatch ignored due to missing DLLs 0.0.0.0 and 0.0.0.0
May 31, 2017 11:26:30.49 [GPU 13480] WARNING: pipe error: 109: file c:/builds/moz2_slave/m-rel-w32-00000000000000000000/build/src/ipc/chromium/src/chrome/common/ipc_channel_win.cc, line 346
May 31, 2017 11:26:31.36 [GPU 13480] WARNING: pipe error: 109: file c:/builds/moz2_slave/m-rel-w32-00000000000000000000/build/src/ipc/chromium/src/chrome/common/ipc_channel_win.cc, line 346
May 31, 2017 11:26:31.42 
May 31, 2017 11:26:31.42 ###!!! [Child][MessageChannel::SendAndWait] Error: Channel error: cannot send/recv
May 31, 2017 11:26:31.42 

May 31, 2017 12:41:37.75 NEW SESSION
May 31, 2017 12:41:37.75 [GFX1]: Potential driver version mismatch ignored due to missing DLLs 0.0.0.0 and 0.0.0.0
May 31, 2017 12:41:38.88 [GFX1]: Potential driver version mismatch ignored due to missing DLLs 0.0.0.0 and 0.0.0.0
May 31, 2017 12:50:13.79 1496215213794	addons.update-checker	WARN	Update manifest for {972ce4c6-7e08-4474-a285-3208198ce6fd} did not contain an updates property
May 31, 2017 12:50:14.06 1496215214060	addons.update-checker	WARN	Update manifest for firefox@getpocket.com did not contain an updates property
May 31, 2017 12:50:14.07 1496215214076	addons.update-checker	WARN	Update manifest for aushelper@mozilla.org did not contain an updates property
May 31, 2017 12:50:14.19 1496215214195	addons.update-checker	WARN	Update manifest for webcompat@mozilla.org did not contain an updates property
May 31, 2017 12:50:16.60 1496215216603	addons.update-checker	WARN	Update manifest for e10srollout@mozilla.org did not contain an updates property
May 31, 2017 12:52:10.93 1496215330934	addons.xpi	WARN	Add-on web2pdfextension@web2pdf.adobedotcom is not correctly signed.
May 31, 2017 12:54:07.98 1496215447980	addons.xpi	WARN	Add-on web2pdfextension@web2pdf.adobedotcom is not correctly signed.
May 31, 2017 12:57:26.42 IPDL protocol error: Handler returned error code!
May 31, 2017 12:57:26.43 
May 31, 2017 12:57:26.43 ###!!! [Parent][DispatchAsyncMessage] Error: PAPZCTreeManager::Msg_SetTargetAPZC Processing error: message was deserialized, but the handler returned false (indicating failure)
May 31, 2017 12:57:26.43 
May 31, 2017 13:31:23.27 IPDL protocol error: Handler returned error code!
May 31, 2017 13:31:23.27 
May 31, 2017 13:31:23.27 ###!!! [Parent][DispatchAsyncMessage] Error: PAPZCTreeManager::Msg_SetTargetAPZC Processing error: message was deserialized, but the handler returned false (indicating failure)
May 31, 2017 13:31:23.27 
May 31, 2017 13:31:24.01 [GPU 12124] WARNING: pipe error: 109: file c:/builds/moz2_slave/m-rel-w32-00000000000000000000/build/src/ipc/chromium/src/chrome/common/ipc_channel_win.cc, line 346
May 31, 2017 13:31:49.31 IPDL protocol error: Handler returned error code!
May 31, 2017 13:31:49.31 
May 31, 2017 13:31:49.31 ###!!! [Parent][DispatchAsyncMessage] Error: PAPZCTreeManager::Msg_SetTargetAPZC Processing error: message was deserialized, but the handler returned false (indicating failure)
May 31, 2017 13:31:49.31 
May 31, 2017 13:31:50.57 [GPU 12124] WARNING: pipe error: 109: file c:/builds/moz2_slave/m-rel-w32-00000000000000000000/build/src/ipc/chromium/src/chrome/common/ipc_channel_win.cc, line 346
May 31, 2017 13:39:58.40 IPDL protocol error: Handler returned error code!
May 31, 2017 13:39:58.40 
May 31, 2017 13:39:58.40 ###!!! [Parent][DispatchAsyncMessage] Error: PAPZCTreeManager::Msg_SetTargetAPZC Processing error: message was deserialized, but the handler returned false (indicating failure)
May 31, 2017 13:39:58.40 
May 31, 2017 13:39:59.32 [GPU 12124] WARNING: pipe error: 109: file c:/builds/moz2_slave/m-rel-w32-00000000000000000000/build/src/ipc/chromium/src/chrome/common/ipc_channel_win.cc, line 346
May 31, 2017 13:40:02.04 IPDL protocol error: Handler returned error code!
May 31, 2017 13:40:02.04 
May 31, 2017 13:40:02.04 ###!!! [Parent][DispatchAsyncMessage] Error: PAPZCTreeManager::Msg_SetTargetAPZC Processing error: message was deserialized, but the handler returned false (indicating failure)
May 31, 2017 13:40:02.04 
May 31, 2017 13:40:03.30 [GPU 12124] WARNING: pipe error: 109: file c:/builds/moz2_slave/m-rel-w32-00000000000000000000/build/src/ipc/chromium/src/chrome/common/ipc_channel_win.cc, line 346
May 31, 2017 13:43:08.16 IPDL protocol error: Handler returned error code!
May 31, 2017 13:43:08.16 
May 31, 2017 13:43:08.16 ###!!! [Parent][DispatchAsyncMessage] Error: PAPZCTreeManager::Msg_SetTargetAPZC Processing error: message was deserialized, but the handler returned false (indicating failure)
May 31, 2017 13:43:08.16 
May 31, 2017 13:43:09.01 [GPU 12124] WARNING: pipe error: 109: file c:/builds/moz2_slave/m-rel-w32-00000000000000000000/build/src/ipc/chromium/src/chrome/common/ipc_channel_win.cc, line 346
May 31, 2017 13:43:29.81 IPDL protocol error: Handler returned error code!
May 31, 2017 13:43:29.81 
May 31, 2017 13:43:29.82 ###!!! [Parent][DispatchAsyncMessage] Error: PAPZCTreeManager::Msg_SetTargetAPZC Processing error: message was deserialized, but the handler returned false (indicating failure)
May 31, 2017 13:43:29.82 
May 31, 2017 13:43:31.16 [GPU 12124] WARNING: pipe error: 109: file c:/builds/moz2_slave/m-rel-w32-00000000000000000000/build/src/ipc/chromium/src/chrome/common/ipc_channel_win.cc, line 346
May 31, 2017 14:07:05.15 IPDL protocol error: Handler returned error code!
May 31, 2017 14:07:05.15 
May 31, 2017 14:07:05.15 ###!!! [Parent][DispatchAsyncMessage] Error: PAPZCTreeManager::Msg_SetTargetAPZC Processing error: message was deserialized, but the handler returned false (indicating failure)
May 31, 2017 14:07:05.15 
May 31, 2017 14:07:06.04 [GPU 12124] WARNING: pipe error: 109: file c:/builds/moz2_slave/m-rel-w32-00000000000000000000/build/src/ipc/chromium/src/chrome/common/ipc_channel_win.cc, line 346
May 31, 2017 14:07:08.23 IPDL protocol error: Handler returned error code!
May 31, 2017 14:07:08.23 
May 31, 2017 14:07:08.23 ###!!! [Parent][DispatchAsyncMessage] Error: PAPZCTreeManager::Msg_SetTargetAPZC Processing error: message was deserialized, but the handler returned false (indicating failure)
May 31, 2017 14:07:08.23 
May 31, 2017 14:07:09.29 [GPU 12124] WARNING: pipe error: 109: file c:/builds/moz2_slave/m-rel-w32-00000000000000000000/build/src/ipc/chromium/src/chrome/common/ipc_channel_win.cc, line 346
May 31, 2017 14:09:40.29 1496219980293	Sync.ErrorHandler	ERROR	Sync encountered a login error
May 31, 2017 14:11:12.97 IPDL protocol error: Handler returned error code!
May 31, 2017 14:11:12.97 
May 31, 2017 14:11:12.97 ###!!! [Parent][DispatchAsyncMessage] Error: PAPZCTreeManager::Msg_SetTargetAPZC Processing error: message was deserialized, but the handler returned false (indicating failure)
May 31, 2017 14:11:12.97 
May 31, 2017 14:11:14.04 [GPU 12124] WARNING: pipe error: 109: file c:/builds/moz2_slave/m-rel-w32-00000000000000000000/build/src/ipc/chromium/src/chrome/common/ipc_channel_win.cc, line 346
May 31, 2017 14:14:16.66 IPDL protocol error: Handler returned error code!
May 31, 2017 14:14:16.66 
May 31, 2017 14:14:16.66 ###!!! [Parent][DispatchAsyncMessage] Error: PAPZCTreeManager::Msg_SetTargetAPZC Processing error: message was deserialized, but the handler returned false (indicating failure)
May 31, 2017 14:14:16.67 
May 31, 2017 14:14:17.88 [GPU 12124] WARNING: pipe error: 109: file c:/builds/moz2_slave/m-rel-w32-00000000000000000000/build/src/ipc/chromium/src/chrome/common/ipc_channel_win.cc, line 346
May 31, 2017 15:44:06.16 1496225646160	Sync.ErrorHandler	ERROR	Sync encountered a login error
May 31, 2017 16:54:15.18 1496229855184	Sync.ErrorHandler	ERROR	Sync encountered a login error

Jun 05, 2017 11:05:37.35 NEW SESSION
Jun 05, 2017 11:05:37.35 [GFX1]: Potential driver version mismatch ignored due to missing DLLs 0.0.0.0 and 0.0.0.0
Jun 05, 2017 11:05:39.67 [GFX1]: Potential driver version mismatch ignored due to missing DLLs 0.0.0.0 and 0.0.0.0
Jun 05, 2017 11:10:09.82 1496641209828	addons.update-checker	WARN	Update manifest for aushelper@mozilla.org did not contain an updates property
Jun 05, 2017 11:10:09.85 1496641209858	addons.update-checker	WARN	Update manifest for webcompat@mozilla.org did not contain an updates property
Jun 05, 2017 11:10:09.87 1496641209876	addons.update-checker	WARN	Update manifest for e10srollout@mozilla.org did not contain an updates property
Jun 05, 2017 11:10:09.89 1496641209895	addons.update-checker	WARN	Update manifest for {972ce4c6-7e08-4474-a285-3208198ce6fd} did not contain an updates property
Jun 05, 2017 11:10:09.96 1496641209963	addons.update-checker	WARN	Update manifest for firefox@getpocket.com did not contain an updates property
Jun 05, 2017 11:12:10.96 1496641330967	addons.xpi	WARN	Add-on web2pdfextension@web2pdf.adobedotcom is not correctly signed.
Jun 05, 2017 11:14:07.78 1496641447783	addons.xpi	WARN	Add-on web2pdfextension@web2pdf.adobedotcom is not correctly signed.
Jun 05, 2017 12:57:51.49 IPDL protocol error: Handler returned error code!
Jun 05, 2017 12:57:51.49 
Jun 05, 2017 12:57:51.49 ###!!! [Parent][DispatchAsyncMessage] Error: PAPZCTreeManager::Msg_SetTargetAPZC Processing error: message was deserialized, but the handler returned false (indicating failure)
Jun 05, 2017 12:57:51.49 
Jun 05, 2017 13:41:36.49 [GPU 8112] WARNING: pipe error: 109: file c:/builds/moz2_slave/m-rel-w32-00000000000000000000/build/src/ipc/chromium/src/chrome/common/ipc_channel_win.cc, line 346
Jun 05, 2017 13:41:36.50 [GPU 8112] WARNING: pipe error: 109: file c:/builds/moz2_slave/m-rel-w32-00000000000000000000/build/src/ipc/chromium/src/chrome/common/ipc_channel_win.cc, line 346
Jun 05, 2017 13:42:02.85 [GPU 8112] WARNING: pipe error: 109: file c:/builds/moz2_slave/m-rel-w32-00000000000000000000/build/src/ipc/chromium/src/chrome/common/ipc_channel_win.cc, line 346
Jun 05, 2017 14:01:20.35 IPDL protocol error: Handler returned error code!
Jun 05, 2017 14:01:20.35 
Jun 05, 2017 14:01:20.35 ###!!! [Parent][DispatchAsyncMessage] Error: PAPZCTreeManager::Msg_SetTargetAPZC Processing error: message was deserialized, but the handler returned false (indicating failure)
Jun 05, 2017 14:01:20.35 
Jun 05, 2017 14:01:21.58 [GPU 8112] WARNING: pipe error: 109: file c:/builds/moz2_slave/m-rel-w32-00000000000000000000/build/src/ipc/chromium/src/chrome/common/ipc_channel_win.cc, line 346
Jun 05, 2017 14:02:01.67 IPDL protocol error: Handler returned error code!
Jun 05, 2017 14:02:01.67 
Jun 05, 2017 14:02:01.67 ###!!! [Parent][DispatchAsyncMessage] Error: PAPZCTreeManager::Msg_SetTargetAPZC Processing error: message was deserialized, but the handler returned false (indicating failure)
Jun 05, 2017 14:02:01.67 
Jun 05, 2017 14:02:03.43 [GPU 8112] WARNING: pipe error: 109: file c:/builds/moz2_slave/m-rel-w32-00000000000000000000/build/src/ipc/chromium/src/chrome/common/ipc_channel_win.cc, line 346
Jun 05, 2017 14:02:28.98 IPDL protocol error: Handler returned error code!
Jun 05, 2017 14:02:28.98 
Jun 05, 2017 14:02:28.98 ###!!! [Parent][DispatchAsyncMessage] Error: PAPZCTreeManager::Msg_SetTargetAPZC Processing error: message was deserialized, but the handler returned false (indicating failure)
Jun 05, 2017 14:02:28.98 
Jun 05, 2017 14:02:30.18 [GPU 8112] WARNING: pipe error: 109: file c:/builds/moz2_slave/m-rel-w32-00000000000000000000/build/src/ipc/chromium/src/chrome/common/ipc_channel_win.cc, line 346
Jun 05, 2017 14:03:39.15 IPDL protocol error: Handler returned error code!
Jun 05, 2017 14:03:39.15 
Jun 05, 2017 14:03:39.16 ###!!! [Parent][DispatchAsyncMessage] Error: PAPZCTreeManager::Msg_SetTargetAPZC Processing error: message was deserialized, but the handler returned false (indicating failure)
Jun 05, 2017 14:03:39.16 
Jun 05, 2017 14:04:12.92 IPDL protocol error: Handler returned error code!
Jun 05, 2017 14:04:12.92 
Jun 05, 2017 14:04:12.92 ###!!! [Parent][DispatchAsyncMessage] Error: PAPZCTreeManager::Msg_SetTargetAPZC Processing error: message was deserialized, but the handler returned false (indicating failure)
Jun 05, 2017 14:04:12.92 
Jun 05, 2017 14:04:14.24 [GPU 8112] WARNING: pipe error: 109: file c:/builds/moz2_slave/m-rel-w32-00000000000000000000/build/src/ipc/chromium/src/chrome/common/ipc_channel_win.cc, line 346
Jun 05, 2017 14:04:50.15 IPDL protocol error: Handler returned error code!
Jun 05, 2017 14:04:50.15 
Jun 05, 2017 14:04:50.15 ###!!! [Parent][DispatchAsyncMessage] Error: PAPZCTreeManager::Msg_SetTargetAPZC Processing error: message was deserialized, but the handler returned false (indicating failure)
Jun 05, 2017 14:04:50.15 
Jun 05, 2017 14:04:51.49 [GPU 8112] WARNING: pipe error: 109: file c:/builds/moz2_slave/m-rel-w32-00000000000000000000/build/src/ipc/chromium/src/chrome/common/ipc_channel_win.cc, line 346
Jun 05, 2017 14:34:41.31 [GPU 8112] WARNING: pipe error: 109: file c:/builds/moz2_slave/m-rel-w32-00000000000000000000/build/src/ipc/chromium/src/chrome/common/ipc_channel_win.cc, line 346
Jun 05, 2017 14:34:43.74 [GPU 8112] WARNING: pipe error: 109: file c:/builds/moz2_slave/m-rel-w32-00000000000000000000/build/src/ipc/chromium/src/chrome/common/ipc_channel_win.cc, line 346
Jun 05, 2017 14:34:43.74 [GPU 8112] WARNING: pipe error: 109: file c:/builds/moz2_slave/m-rel-w32-00000000000000000000/build/src/ipc/chromium/src/chrome/common/ipc_channel_win.cc, line 346
Jun 05, 2017 16:26:42.56 IPDL protocol error: Handler returned error code!
Jun 05, 2017 16:26:42.56 
Jun 05, 2017 16:26:42.56 ###!!! [Parent][DispatchAsyncMessage] Error: PAPZCTreeManager::Msg_SetTargetAPZC Processing error: message was deserialized, but the handler returned false (indicating failure)
Jun 05, 2017 16:26:42.56 
Jun 05, 2017 16:32:39.53 IPDL protocol error: Handler returned error code!
Jun 05, 2017 16:32:39.53 
Jun 05, 2017 16:32:39.53 ###!!! [Parent][DispatchAsyncMessage] Error: PAPZCTreeManager::Msg_SetTargetAPZC Processing error: message was deserialized, but the handler returned false (indicating failure)
Jun 05, 2017 16:32:39.53 
Jun 05, 2017 16:32:40.56 [GPU 8112] WARNING: pipe error: 109: file c:/builds/moz2_slave/m-rel-w32-00000000000000000000/build/src/ipc/chromium/src/chrome/common/ipc_channel_win.cc, line 346
Jun 05, 2017 17:07:43.74 [GPU 8112] WARNING: pipe error: 109: file c:/builds/moz2_slave/m-rel-w32-00000000000000000000/build/src/ipc/chromium/src/chrome/common/ipc_channel_win.cc, line 346
Jun 05, 2017 17:07:59.59 [GPU 8112] WARNING: pipe error: 109: file c:/builds/moz2_slave/m-rel-w32-00000000000000000000/build/src/ipc/chromium/src/chrome/common/ipc_channel_win.cc, line 346
Jun 05, 2017 17:07:59.59 [GPU 8112] WARNING: pipe error: 109: file c:/builds/moz2_slave/m-rel-w32-00000000000000000000/build/src/ipc/chromium/src/chrome/common/ipc_channel_win.cc, line 346
Jun 05, 2017 17:07:59.59 [GPU 8112] WARNING: pipe error: 109: file c:/builds/moz2_slave/m-rel-w32-00000000000000000000/build/src/ipc/chromium/src/chrome/common/ipc_channel_win.cc, line 346
Jun 05, 2017 17:08:00.58 [GPU 8112] WARNING: pipe error: 109: file c:/builds/moz2_slave/m-rel-w32-00000000000000000000/build/src/ipc/chromium/src/chrome/common/ipc_channel_win.cc, line 346
Jun 05, 2017 17:12:21.53 [GPU 8112] WARNING: pipe error: 109: file c:/builds/moz2_slave/m-rel-w32-00000000000000000000/build/src/ipc/chromium/src/chrome/common/ipc_channel_win.cc, line 346
Jun 05, 2017 17:12:21.53 [GPU 8112] WARNING: pipe error: 109: file c:/builds/moz2_slave/m-rel-w32-00000000000000000000/build/src/ipc/chromium/src/chrome/common/ipc_channel_win.cc, line 346
Jun 05, 2017 17:12:21.53 [GPU 8112] WARNING: pipe error: 109: file c:/builds/moz2_slave/m-rel-w32-00000000000000000000/build/src/ipc/chromium/src/chrome/common/ipc_channel_win.cc, line 346
Jun 05, 2017 17:12:21.53 [GPU 8112] WARNING: pipe error: 109: file c:/builds/moz2_slave/m-rel-w32-00000000000000000000/build/src/ipc/chromium/src/chrome/common/ipc_channel_win.cc, line 346
Jun 05, 2017 17:12:22.44 
Jun 05, 2017 17:12:22.44 ###!!! [Child][MessageChannel::SendAndWait] Error: Channel error: cannot send/recv
Jun 05, 2017 17:12:22.44 

Jun 09, 2017 11:27:44.28 NEW SESSION
Jun 09, 2017 11:27:44.28 [GFX1]: Potential driver version mismatch ignored due to missing DLLs 0.0.0.0 and 0.0.0.0
Jun 09, 2017 11:27:45.39 [GFX1]: Potential driver version mismatch ignored due to missing DLLs 0.0.0.0 and 0.0.0.0
Jun 09, 2017 11:43:48.61 [GPU 5888] WARNING: pipe error: 109: file c:/builds/moz2_slave/m-rel-w32-00000000000000000000/build/src/ipc/chromium/src/chrome/common/ipc_channel_win.cc, line 346
Jun 09, 2017 11:43:59.20 [GPU 5888] WARNING: pipe error: 109: file c:/builds/moz2_slave/m-rel-w32-00000000000000000000/build/src/ipc/chromium/src/chrome/common/ipc_channel_win.cc, line 346
Jun 09, 2017 11:44:01.45 [GPU 5888] WARNING: pipe error: 109: file c:/builds/moz2_slave/m-rel-w32-00000000000000000000/build/src/ipc/chromium/src/chrome/common/ipc_channel_win.cc, line 346
Jun 09, 2017 11:44:18.01 [GPU 5888] WARNING: pipe error: 109: file c:/builds/moz2_slave/m-rel-w32-00000000000000000000/build/src/ipc/chromium/src/chrome/common/ipc_channel_win.cc, line 346
Jun 09, 2017 12:07:32.80 [GPU 5888] WARNING: pipe error: 109: file c:/builds/moz2_slave/m-rel-w32-00000000000000000000/build/src/ipc/chromium/src/chrome/common/ipc_channel_win.cc, line 346

Jun 09, 2017 19:41:39.77 NEW SESSION
Jun 09, 2017 19:41:39.77 [GFX1]: Potential driver version mismatch ignored due to missing DLLs 0.0.0.0 and 0.0.0.0
Jun 09, 2017 19:41:42.09 [GFX1]: Potential driver version mismatch ignored due to missing DLLs 0.0.0.0 and 0.0.0.0
Jun 09, 2017 19:41:59.86 IPDL protocol error: Handler returned error code!
Jun 09, 2017 19:41:59.86 
Jun 09, 2017 19:41:59.86 ###!!! [Parent][DispatchAsyncMessage] Error: PAPZCTreeManager::Msg_SetTargetAPZC Processing error: message was deserialized, but the handler returned false (indicating failure)
Jun 09, 2017 19:41:59.86 
Jun 09, 2017 20:07:52.65 [GPU 5132] WARNING: pipe error: 109: file c:/builds/moz2_slave/m-rel-w32-00000000000000000000/build/src/ipc/chromium/src/chrome/common/ipc_channel_win.cc, line 346
Jun 09, 2017 20:07:52.65 [GPU 5132] WARNING: pipe error: 109: file c:/builds/moz2_slave/m-rel-w32-00000000000000000000/build/src/ipc/chromium/src/chrome/common/ipc_channel_win.cc, line 346
Jun 09, 2017 20:07:53.55 
Jun 09, 2017 20:07:53.55 ###!!! [Child][MessageChannel::SendAndWait] Error: Channel error: cannot send/recv
Jun 09, 2017 20:07:53.55 
Jun 09, 2017 20:08:23.82 [GFX1]: Potential driver version mismatch ignored due to missing DLLs 0.0.0.0 and 0.0.0.0
Jun 09, 2017 20:08:24.87 [GFX1]: Potential driver version mismatch ignored due to missing DLLs 0.0.0.0 and 0.0.0.0
Jun 09, 2017 20:40:38.31 IPDL protocol error: Handler returned error code!
Jun 09, 2017 20:40:38.31 
Jun 09, 2017 20:40:38.31 ###!!! [Parent][DispatchAsyncMessage] Error: PAPZCTreeManager::Msg_SetTargetAPZC Processing error: message was deserialized, but the handler returned false (indicating failure)
Jun 09, 2017 20:40:38.32 
Jun 09, 2017 20:41:35.42 IPDL protocol error: Handler returned error code!
Jun 09, 2017 20:41:35.42 
Jun 09, 2017 20:41:35.42 ###!!! [Parent][DispatchAsyncMessage] Error: PAPZCTreeManager::Msg_SetTargetAPZC Processing error: message was deserialized, but the handler returned false (indicating failure)
Jun 09, 2017 20:41:35.42 
Jun 09, 2017 20:41:36.58 [GPU 11796] WARNING: pipe error: 109: file c:/builds/moz2_slave/m-rel-w32-00000000000000000000/build/src/ipc/chromium/src/chrome/common/ipc_channel_win.cc, line 346
Jun 09, 2017 20:41:56.51 IPDL protocol error: Handler returned error code!
Jun 09, 2017 20:41:56.51 
Jun 09, 2017 20:41:56.51 ###!!! [Parent][DispatchAsyncMessage] Error: PAPZCTreeManager::Msg_SetTargetAPZC Processing error: message was deserialized, but the handler returned false (indicating failure)
Jun 09, 2017 20:41:56.51 
Jun 09, 2017 20:41:57.38 [GPU 11796] WARNING: pipe error: 109: file c:/builds/moz2_slave/m-rel-w32-00000000000000000000/build/src/ipc/chromium/src/chrome/common/ipc_channel_win.cc, line 346
Jun 09, 2017 20:41:59.45 IPDL protocol error: Handler returned error code!
Jun 09, 2017 20:41:59.45 
Jun 09, 2017 20:41:59.45 ###!!! [Parent][DispatchAsyncMessage] Error: PAPZCTreeManager::Msg_SetTargetAPZC Processing error: message was deserialized, but the handler returned false (indicating failure)
Jun 09, 2017 20:41:59.45 
Jun 09, 2017 20:42:01.14 [GPU 11796] WARNING: pipe error: 109: file c:/builds/moz2_slave/m-rel-w32-00000000000000000000/build/src/ipc/chromium/src/chrome/common/ipc_channel_win.cc, line 346
Jun 09, 2017 20:42:31.63 IPDL protocol error: Handler returned error code!
Jun 09, 2017 20:42:31.63 
Jun 09, 2017 20:42:31.63 ###!!! [Parent][DispatchAsyncMessage] Error: PAPZCTreeManager::Msg_SetTargetAPZC Processing error: message was deserialized, but the handler returned false (indicating failure)
Jun 09, 2017 20:42:31.63 
Jun 09, 2017 20:42:32.83 [GPU 11796] WARNING: pipe error: 109: file c:/builds/moz2_slave/m-rel-w32-00000000000000000000/build/src/ipc/chromium/src/chrome/common/ipc_channel_win.cc, line 346
Jun 09, 2017 21:28:19.58 [GPU 11796] WARNING: pipe error: 109: file c:/builds/moz2_slave/m-rel-w32-00000000000000000000/build/src/ipc/chromium/src/chrome/common/ipc_channel_win.cc, line 346

Jun 10, 2017 20:29:16.65 NEW SESSION
Jun 10, 2017 20:29:16.65 [GFX1]: Potential driver version mismatch ignored due to missing DLLs 0.0.0.0 and 0.0.0.0
Jun 10, 2017 20:29:18.86 [GFX1]: Potential driver version mismatch ignored due to missing DLLs 0.0.0.0 and 0.0.0.0
Jun 10, 2017 20:37:50.69 1497107270697	addons.update-checker	WARN	Update manifest for e10srollout@mozilla.org did not contain an updates property
Jun 10, 2017 20:37:50.72 1497107270720	addons.update-checker	WARN	Update manifest for {972ce4c6-7e08-4474-a285-3208198ce6fd} did not contain an updates property
Jun 10, 2017 20:37:51.02 1497107271023	addons.update-checker	WARN	Update manifest for firefox@getpocket.com did not contain an updates property
Jun 10, 2017 20:37:51.04 1497107271040	addons.update-checker	WARN	Update manifest for aushelper@mozilla.org did not contain an updates property
Jun 10, 2017 20:37:51.05 1497107271054	addons.update-checker	WARN	Update manifest for webcompat@mozilla.org did not contain an updates property
Jun 10, 2017 20:37:51.08 1497107271085	addons.update-checker	WARN	Update manifest for followonsearch@mozilla.com did not contain an updates property
Jun 10, 2017 20:39:50.48 1497107390488	addons.xpi	WARN	Add-on web2pdfextension@web2pdf.adobedotcom is not correctly signed.
Jun 10, 2017 20:41:46.93 1497107506938	addons.xpi	WARN	Add-on web2pdfextension@web2pdf.adobedotcom is not correctly signed.
Jun 10, 2017 20:45:40.27 [GPU 5124] WARNING: pipe error: 109: file c:/builds/moz2_slave/m-rel-w32-00000000000000000000/build/src/ipc/chromium/src/chrome/common/ipc_channel_win.cc, line 346
Jun 10, 2017 20:45:41.16 
Jun 10, 2017 20:45:41.16 ###!!! [Child][MessageChannel::SendAndWait] Error: Channel error: cannot send/recv
Jun 10, 2017 20:45:41.16 

Jun 10, 2017 20:57:25.99 NEW SESSION
Jun 10, 2017 20:57:25.99 [GFX1]: Potential driver version mismatch ignored due to missing DLLs 0.0.0.0 and 0.0.0.0
Jun 10, 2017 20:57:27.04 [GFX1]: Potential driver version mismatch ignored due to missing DLLs 0.0.0.0 and 0.0.0.0
Jun 10, 2017 21:08:35.06 [Child 6788] WARNING: pipe error: 109: file c:/builds/moz2_slave/m-rel-w32-00000000000000000000/build/src/ipc/chromium/src/chrome/common/ipc_channel_win.cc, line 346
Jun 10, 2017 21:08:35.68 
Jun 10, 2017 21:08:35.68 ###!!! [Child][MessageChannel::SendAndWait] Error: Channel error: cannot send/recv
Jun 10, 2017 21:08:35.68 

Jun 11, 2017 19:15:48.94 NEW SESSION
Jun 11, 2017 19:15:48.94 [GFX1]: Potential driver version mismatch ignored due to missing DLLs 0.0.0.0 and 0.0.0.0
Jun 11, 2017 19:15:50.01 [GFX1]: Potential driver version mismatch ignored due to missing DLLs 0.0.0.0 and 0.0.0.0
Jun 11, 2017 19:52:53.44 [GPU 10276] WARNING: pipe error: 109: file c:/builds/moz2_slave/m-rel-w32-00000000000000000000/build/src/ipc/chromium/src/chrome/common/ipc_channel_win.cc, line 346
Jun 11, 2017 19:52:53.46 [Child 15392] WARNING: pipe error: 109: file c:/builds/moz2_slave/m-rel-w32-00000000000000000000/build/src/ipc/chromium/src/chrome/common/ipc_channel_win.cc, line 346
Jun 11, 2017 19:52:54.47 
Jun 11, 2017 19:52:54.47 ###!!! [Child][MessageChannel::SendAndWait] Error: Channel error: cannot send/recv
Jun 11, 2017 19:52:54.47 
Jun 11, 2017 19:53:16.43 [GFX1]: Potential driver version mismatch ignored due to missing DLLs 0.0.0.0 and 0.0.0.0
Jun 11, 2017 19:53:17.54 [GFX1]: Potential driver version mismatch ignored due to missing DLLs 0.0.0.0 and 0.0.0.0

Jun 12, 2017 11:39:40.22 NEW SESSION
Jun 12, 2017 11:39:40.22 [GFX1]: Potential driver version mismatch ignored due to missing DLLs 0.0.0.0 and 0.0.0.0
Jun 12, 2017 11:39:42.90 [GFX1]: Potential driver version mismatch ignored due to missing DLLs 0.0.0.0 and 0.0.0.0
Jun 12, 2017 11:42:12.78 1497247932782	addons.update-checker	WARN	Update manifest for e10srollout@mozilla.org did not contain an updates property
Jun 12, 2017 11:42:12.80 1497247932801	addons.update-checker	WARN	Update manifest for {972ce4c6-7e08-4474-a285-3208198ce6fd} did not contain an updates property
Jun 12, 2017 11:42:12.82 1497247932821	addons.update-checker	WARN	Update manifest for firefox@getpocket.com did not contain an updates property
Jun 12, 2017 11:42:12.86 1497247932860	addons.update-checker	WARN	Update manifest for aushelper@mozilla.org did not contain an updates property
Jun 12, 2017 11:42:12.87 1497247932874	addons.update-checker	WARN	Update manifest for webcompat@mozilla.org did not contain an updates property
Jun 12, 2017 11:42:13.03 1497247933031	addons.update-checker	WARN	Update manifest for followonsearch@mozilla.com did not contain an updates property
Jun 12, 2017 11:44:13.15 1497248053155	addons.xpi	WARN	Add-on web2pdfextension@web2pdf.adobedotcom is not correctly signed.
Jun 12, 2017 11:46:10.49 1497248170489	addons.xpi	WARN	Add-on web2pdfextension@web2pdf.adobedotcom is not correctly signed.
Jun 12, 2017 12:35:08.26 IPDL protocol error: Handler returned error code!
Jun 12, 2017 12:35:08.26 
Jun 12, 2017 12:35:08.26 ###!!! [Parent][DispatchAsyncMessage] Error: PAPZCTreeManager::Msg_SetTargetAPZC Processing error: message was deserialized, but the handler returned false (indicating failure)
Jun 12, 2017 12:35:08.26 
Jun 12, 2017 12:35:12.99 IPDL protocol error: Handler returned error code!
Jun 12, 2017 12:35:12.99 
Jun 12, 2017 12:35:12.99 ###!!! [Parent][DispatchAsyncMessage] Error: PAPZCTreeManager::Msg_SetTargetAPZC Processing error: message was deserialized, but the handler returned false (indicating failure)
Jun 12, 2017 12:35:12.99 
Jun 12, 2017 12:35:16.12 IPDL protocol error: Handler returned error code!
Jun 12, 2017 12:35:16.12 
Jun 12, 2017 12:35:16.12 ###!!! [Parent][DispatchAsyncMessage] Error: PAPZCTreeManager::Msg_SetTargetAPZC Processing error: message was deserialized, but the handler returned false (indicating failure)
Jun 12, 2017 12:35:16.12 
Jun 12, 2017 12:35:18.50 [GPU 10592] WARNING: pipe error: 109: file c:/builds/moz2_slave/m-rel-w32-00000000000000000000/build/src/ipc/chromium/src/chrome/common/ipc_channel_win.cc, line 346
Jun 12, 2017 13:08:43.65 IPDL protocol error: Handler returned error code!
Jun 12, 2017 13:08:43.65 
Jun 12, 2017 13:08:43.65 ###!!! [Parent][DispatchAsyncMessage] Error: PAPZCTreeManager::Msg_SetTargetAPZC Processing error: message was deserialized, but the handler returned false (indicating failure)
Jun 12, 2017 13:08:43.65 
Jun 12, 2017 13:08:45.67 IPDL protocol error: Handler returned error code!
Jun 12, 2017 13:08:45.67 
Jun 12, 2017 13:08:45.67 ###!!! [Parent][DispatchAsyncMessage] Error: PAPZCTreeManager::Msg_SetTargetAPZC Processing error: message was deserialized, but the handler returned false (indicating failure)
Jun 12, 2017 13:08:45.67 
Jun 12, 2017 13:08:46.53 [GPU 10592] WARNING: pipe error: 109: file c:/builds/moz2_slave/m-rel-w32-00000000000000000000/build/src/ipc/chromium/src/chrome/common/ipc_channel_win.cc, line 346
Jun 12, 2017 13:08:47.73 IPDL protocol error: Handler returned error code!
Jun 12, 2017 13:08:47.73 
Jun 12, 2017 13:08:47.73 ###!!! [Parent][DispatchAsyncMessage] Error: PAPZCTreeManager::Msg_SetTargetAPZC Processing error: message was deserialized, but the handler returned false (indicating failure)
Jun 12, 2017 13:08:47.73 
Jun 12, 2017 13:08:48.73 [GPU 10592] WARNING: pipe error: 109: file c:/builds/moz2_slave/m-rel-w32-00000000000000000000/build/src/ipc/chromium/src/chrome/common/ipc_channel_win.cc, line 346
Jun 12, 2017 13:46:21.67 [GPU 10592] WARNING: pipe error: 109: file c:/builds/moz2_slave/m-rel-w32-00000000000000000000/build/src/ipc/chromium/src/chrome/common/ipc_channel_win.cc, line 346
Jun 12, 2017 14:14:33.29 [GPU 10592] WARNING: pipe error: 109: file c:/builds/moz2_slave/m-rel-w32-00000000000000000000/build/src/ipc/chromium/src/chrome/common/ipc_channel_win.cc, line 346
